# JRE version: Java(TM) SE Runtime Environment (24.0.1+9) (build 24.0.1+9-30)
# Java VM: Java HotSpot(TM) 64-Bit Server VM (24.0.1+9-30, mixed mode, emulated-client, sharing, tiered, compressed oops, compressed class ptrs, g1 gc, windows-amd64)
GC Precious Log:
 CardTable entry size: 512
 Card Set container configuration: InlinePtr #cards 4 size 8 Array Of Cards #cards 16 size 48 Howl #buckets 8 coarsen threshold 3686 Howl Bitmap #cards 512 size 80 coarsen threshold 460 Card regions per heap region 1 cards per card region 4096
 CPUs: 4 total, 4 available
 Memory: 10177M
 Large Page Support: Disabled
 NUMA Support: Disabled
 Compressed Oops: Enabled (Zero based)
 Heap Region Size: 2M
 Heap Min Capacity: 8M
 Heap Initial Capacity: 160M
 Heap Max Capacity: 2546M
 Pre-touch: Disabled
 Parallel Workers: 4
 Concurrent Workers: 1
 Concurrent Refinement Workers: 4
 Periodic GC: Disabled
Heap:
 garbage-first heap   total reserved 2607104K, committed 83968K, used 74223K [0x0000000760e00000, 0x0000000800000000)
  region size 2048K, 14 young (28672K), 2 survivors (4096K)
 Metaspace       used 90773K, committed 91520K, reserved 1179648K
  class space    used 10272K, committed 10560K, reserved 1048576K
GC Heap History (20 events):
Event: 9.468 GC heap before
{Heap before GC invocations=9 (full 0):
 garbage-first heap   total reserved 2607104K, committed 69632K, used 54045K [0x0000000760e00000, 0x0000000800000000)
  region size 2048K, 15 young (30720K), 1 survivors (2048K)
 Metaspace       used 39392K, committed 39808K, reserved 1114112K
  class space    used 4428K, committed 4608K, reserved 1048576K
}
Event: 9.479 GC heap after
{Heap after GC invocations=10 (full 0):
 garbage-first heap   total reserved 2607104K, committed 69632K, used 28031K [0x0000000760e00000, 0x0000000800000000)
  region size 2048K, 2 young (4096K), 2 survivors (4096K)
 Metaspace       used 39392K, committed 39808K, reserved 1114112K
  class space    used 4428K, committed 4608K, reserved 1048576K
}
Event: 10.680 GC heap before
{Heap before GC invocations=10 (full 0):
 garbage-first heap   total reserved 2607104K, committed 69632K, used 56703K [0x0000000760e00000, 0x0000000800000000)
  region size 2048K, 16 young (32768K), 2 survivors (4096K)
 Metaspace       used 44702K, committed 45248K, reserved 1114112K
  class space    used 4998K, committed 5248K, reserved 1048576K
}
Event: 10.690 GC heap after
{Heap after GC invocations=11 (full 0):
 garbage-first heap   total reserved 2607104K, committed 69632K, used 31114K [0x0000000760e00000, 0x0000000800000000)
  region size 2048K, 2 young (4096K), 2 survivors (4096K)
 Metaspace       used 44702K, committed 45248K, reserved 1114112K
  class space    used 4998K, committed 5248K, reserved 1048576K
}
Event: 11.904 GC heap before
{Heap before GC invocations=11 (full 0):
 garbage-first heap   total reserved 2607104K, committed 69632K, used 55690K [0x0000000760e00000, 0x0000000800000000)
  region size 2048K, 15 young (30720K), 2 survivors (4096K)
 Metaspace       used 52475K, committed 53056K, reserved 1114112K
  class space    used 5821K, committed 6080K, reserved 1048576K
}
Event: 11.911 GC heap after
{Heap after GC invocations=12 (full 0):
 garbage-first heap   total reserved 2607104K, committed 69632K, used 32358K [0x0000000760e00000, 0x0000000800000000)
  region size 2048K, 1 young (2048K), 1 survivors (2048K)
 Metaspace       used 52475K, committed 53056K, reserved 1114112K
  class space    used 5821K, committed 6080K, reserved 1048576K
}
Event: 13.377 GC heap before
{Heap before GC invocations=12 (full 0):
 garbage-first heap   total reserved 2607104K, committed 69632K, used 58982K [0x0000000760e00000, 0x0000000800000000)
  region size 2048K, 14 young (28672K), 1 survivors (2048K)
 Metaspace       used 59541K, committed 60032K, reserved 1114112K
  class space    used 6514K, committed 6720K, reserved 1048576K
}
Event: 13.382 GC heap after
{Heap after GC invocations=13 (full 0):
 garbage-first heap   total reserved 2607104K, committed 69632K, used 33740K [0x0000000760e00000, 0x0000000800000000)
  region size 2048K, 2 young (4096K), 2 survivors (4096K)
 Metaspace       used 59541K, committed 60032K, reserved 1114112K
  class space    used 6514K, committed 6720K, reserved 1048576K
}
Event: 15.102 GC heap before
{Heap before GC invocations=14 (full 0):
 garbage-first heap   total reserved 2607104K, committed 69632K, used 54220K [0x0000000760e00000, 0x0000000800000000)
  region size 2048K, 13 young (26624K), 2 survivors (4096K)
 Metaspace       used 66789K, committed 67392K, reserved 1114112K
  class space    used 7440K, committed 7680K, reserved 1048576K
}
Event: 15.107 GC heap after
{Heap after GC invocations=15 (full 0):
 garbage-first heap   total reserved 2607104K, committed 69632K, used 34769K [0x0000000760e00000, 0x0000000800000000)
  region size 2048K, 2 young (4096K), 2 survivors (4096K)
 Metaspace       used 66789K, committed 67392K, reserved 1114112K
  class space    used 7440K, committed 7680K, reserved 1048576K
}
Event: 16.041 GC heap before
{Heap before GC invocations=15 (full 0):
 garbage-first heap   total reserved 2607104K, committed 69632K, used 57297K [0x0000000760e00000, 0x0000000800000000)
  region size 2048K, 13 young (26624K), 2 survivors (4096K)
 Metaspace       used 71110K, committed 71680K, reserved 1114112K
  class space    used 7895K, committed 8128K, reserved 1048576K
}
Event: 16.058 GC heap after
{Heap after GC invocations=16 (full 0):
 garbage-first heap   total reserved 2607104K, committed 69632K, used 35670K [0x0000000760e00000, 0x0000000800000000)
  region size 2048K, 2 young (4096K), 2 survivors (4096K)
 Metaspace       used 71110K, committed 71680K, reserved 1114112K
  class space    used 7895K, committed 8128K, reserved 1048576K
}
Event: 16.914 GC heap before
{Heap before GC invocations=16 (full 0):
 garbage-first heap   total reserved 2607104K, committed 69632K, used 56150K [0x0000000760e00000, 0x0000000800000000)
  region size 2048K, 12 young (24576K), 2 survivors (4096K)
 Metaspace       used 73276K, committed 73856K, reserved 1114112K
  class space    used 8192K, committed 8448K, reserved 1048576K
}
Event: 16.922 GC heap after
{Heap after GC invocations=17 (full 0):
 garbage-first heap   total reserved 2607104K, committed 83968K, used 38054K [0x0000000760e00000, 0x0000000800000000)
  region size 2048K, 2 young (4096K), 2 survivors (4096K)
 Metaspace       used 73276K, committed 73856K, reserved 1114112K
  class space    used 8192K, committed 8448K, reserved 1048576K
}
Event: 18.750 GC heap before
{Heap before GC invocations=18 (full 0):
 garbage-first heap   total reserved 2607104K, committed 83968K, used 70822K [0x0000000760e00000, 0x0000000800000000)
  region size 2048K, 19 young (38912K), 2 survivors (4096K)
 Metaspace       used 79327K, committed 80000K, reserved 1179648K
  class space    used 8817K, committed 9088K, reserved 1048576K
}
Event: 18.761 GC heap after
{Heap after GC invocations=19 (full 0):
 garbage-first heap   total reserved 2607104K, committed 83968K, used 41807K [0x0000000760e00000, 0x0000000800000000)
  region size 2048K, 3 young (6144K), 3 survivors (6144K)
 Metaspace       used 79327K, committed 80000K, reserved 1179648K
  class space    used 8817K, committed 9088K, reserved 1048576K
}
Event: 19.863 GC heap before
{Heap before GC invocations=19 (full 0):
 garbage-first heap   total reserved 2607104K, committed 83968K, used 70479K [0x0000000760e00000, 0x0000000800000000)
  region size 2048K, 17 young (34816K), 3 survivors (6144K)
 Metaspace       used 82380K, committed 83136K, reserved 1179648K
  class space    used 9283K, committed 9600K, reserved 1048576K
}
Event: 19.880 GC heap after
{Heap after GC invocations=20 (full 0):
 garbage-first heap   total reserved 2607104K, committed 83968K, used 43464K [0x0000000760e00000, 0x0000000800000000)
  region size 2048K, 2 young (4096K), 2 survivors (4096K)
 Metaspace       used 82380K, committed 83136K, reserved 1179648K
  class space    used 9283K, committed 9600K, reserved 1048576K
}
Event: 21.405 GC heap before
{Heap before GC invocations=20 (full 0):
 garbage-first heap   total reserved 2607104K, committed 83968K, used 70088K [0x0000000760e00000, 0x0000000800000000)
  region size 2048K, 16 young (32768K), 2 survivors (4096K)
 Metaspace       used 86277K, committed 86912K, reserved 1179648K
  class space    used 9782K, committed 10048K, reserved 1048576K
}
Event: 21.418 GC heap after
{Heap after GC invocations=21 (full 0):
 garbage-first heap   total reserved 2607104K, committed 83968K, used 47599K [0x0000000760e00000, 0x0000000800000000)
  region size 2048K, 2 young (4096K), 2 survivors (4096K)
 Metaspace       used 86277K, committed 86912K, reserved 1179648K
  class space    used 9782K, committed 10048K, reserved 1048576K
}

