# JRE version: Java(TM) SE Runtime Environment (24.0.1+9) (build 24.0.1+9-30)
# Java VM: Java HotSpot(TM) 64-Bit Server VM (24.0.1+9-30, mixed mode, emulated-client, sharing, tiered, compressed oops, compressed class ptrs, g1 gc, windows-amd64)
GC Precious Log:
 CardTable entry size: 512
 Card Set container configuration: InlinePtr #cards 4 size 8 Array Of Cards #cards 16 size 48 Howl #buckets 8 coarsen threshold 3686 Howl Bitmap #cards 512 size 80 coarsen threshold 460 Card regions per heap region 1 cards per card region 4096
 CPUs: 4 total, 4 available
 Memory: 10177M
 Large Page Support: Disabled
 NUMA Support: Disabled
 Compressed Oops: Enabled (Zero based)
 Heap Region Size: 2M
 Heap Min Capacity: 8M
 Heap Initial Capacity: 160M
 Heap Max Capacity: 2546M
 Pre-touch: Disabled
 Parallel Workers: 4
 Concurrent Workers: 1
 Concurrent Refinement Workers: 4
 Periodic GC: Disabled
Heap:
 garbage-first heap   total reserved 2607104K, committed 153600K, used 90275K [0x0000000760e00000, 0x0000000800000000)
  region size 2048K, 19 young (38912K), 3 survivors (6144K)
 Metaspace       used 101287K, committed 102016K, reserved 1179648K
  class space    used 11935K, committed 12224K, reserved 1048576K
GC Heap History (20 events):
Event: 11.204 GC heap before
{Heap before GC invocations=12 (full 0):
 garbage-first heap   total reserved 2607104K, committed 83968K, used 67758K [0x0000000760e00000, 0x0000000800000000)
  region size 2048K, 20 young (40960K), 1 survivors (2048K)
 Metaspace       used 59932K, committed 60480K, reserved 1114112K
  class space    used 6587K, committed 6784K, reserved 1048576K
}
Event: 11.213 GC heap after
{Heap after GC invocations=13 (full 0):
 garbage-first heap   total reserved 2607104K, committed 83968K, used 33942K [0x0000000760e00000, 0x0000000800000000)
  region size 2048K, 3 young (6144K), 3 survivors (6144K)
 Metaspace       used 59932K, committed 60480K, reserved 1114112K
  class space    used 6587K, committed 6784K, reserved 1048576K
}
Event: 11.216 GC heap before
{Heap before GC invocations=13 (full 0):
 garbage-first heap   total reserved 2607104K, committed 83968K, used 33942K [0x0000000760e00000, 0x0000000800000000)
  region size 2048K, 4 young (8192K), 3 survivors (6144K)
 Metaspace       used 59996K, committed 60480K, reserved 1114112K
  class space    used 6589K, committed 6784K, reserved 1048576K
}
Event: 11.227 GC heap after
{Heap after GC invocations=14 (full 0):
 garbage-first heap   total reserved 2607104K, committed 83968K, used 33633K [0x0000000760e00000, 0x0000000800000000)
  region size 2048K, 2 young (4096K), 2 survivors (4096K)
 Metaspace       used 59996K, committed 60480K, reserved 1114112K
  class space    used 6589K, committed 6784K, reserved 1048576K
}
Event: 12.310 GC heap before
{Heap before GC invocations=15 (full 0):
 garbage-first heap   total reserved 2607104K, committed 83968K, used 68449K [0x0000000760e00000, 0x0000000800000000)
  region size 2048K, 20 young (40960K), 2 survivors (4096K)
 Metaspace       used 70036K, committed 70592K, reserved 1114112K
  class space    used 7813K, committed 8064K, reserved 1048576K
}
Event: 12.319 GC heap after
{Heap after GC invocations=16 (full 0):
 garbage-first heap   total reserved 2607104K, committed 83968K, used 35262K [0x0000000760e00000, 0x0000000800000000)
  region size 2048K, 3 young (6144K), 3 survivors (6144K)
 Metaspace       used 70036K, committed 70592K, reserved 1114112K
  class space    used 7813K, committed 8064K, reserved 1048576K
}
Event: 13.306 GC heap before
{Heap before GC invocations=16 (full 0):
 garbage-first heap   total reserved 2607104K, committed 83968K, used 68030K [0x0000000760e00000, 0x0000000800000000)
  region size 2048K, 19 young (38912K), 3 survivors (6144K)
 Metaspace       used 75885K, committed 76480K, reserved 1179648K
  class space    used 8454K, committed 8704K, reserved 1048576K
}
Event: 13.343 GC heap after
{Heap after GC invocations=17 (full 0):
 garbage-first heap   total reserved 2607104K, committed 83968K, used 37762K [0x0000000760e00000, 0x0000000800000000)
  region size 2048K, 3 young (6144K), 3 survivors (6144K)
 Metaspace       used 75885K, committed 76480K, reserved 1179648K
  class space    used 8454K, committed 8704K, reserved 1048576K
}
Event: 14.316 GC heap before
{Heap before GC invocations=17 (full 0):
 garbage-first heap   total reserved 2607104K, committed 83968K, used 70530K [0x0000000760e00000, 0x0000000800000000)
  region size 2048K, 19 young (38912K), 3 survivors (6144K)
 Metaspace       used 80070K, committed 80640K, reserved 1179648K
  class space    used 9309K, committed 9536K, reserved 1048576K
}
Event: 14.336 GC heap after
{Heap after GC invocations=18 (full 0):
 garbage-first heap   total reserved 2607104K, committed 83968K, used 41202K [0x0000000760e00000, 0x0000000800000000)
  region size 2048K, 3 young (6144K), 3 survivors (6144K)
 Metaspace       used 80070K, committed 80640K, reserved 1179648K
  class space    used 9309K, committed 9536K, reserved 1048576K
}
Event: 14.551 GC heap before
{Heap before GC invocations=18 (full 0):
 garbage-first heap   total reserved 2607104K, committed 83968K, used 69874K [0x0000000760e00000, 0x0000000800000000)
  region size 2048K, 17 young (34816K), 3 survivors (6144K)
 Metaspace       used 81943K, committed 82496K, reserved 1179648K
  class space    used 9528K, committed 9728K, reserved 1048576K
}
Event: 14.569 GC heap after
{Heap after GC invocations=19 (full 0):
 garbage-first heap   total reserved 2607104K, committed 83968K, used 44475K [0x0000000760e00000, 0x0000000800000000)
  region size 2048K, 2 young (4096K), 2 survivors (4096K)
 Metaspace       used 81943K, committed 82496K, reserved 1179648K
  class space    used 9528K, committed 9728K, reserved 1048576K
}
Event: 14.711 GC heap before
{Heap before GC invocations=20 (full 0):
 garbage-first heap   total reserved 2607104K, committed 83968K, used 71099K [0x0000000760e00000, 0x0000000800000000)
  region size 2048K, 15 young (30720K), 2 survivors (4096K)
 Metaspace       used 81943K, committed 82496K, reserved 1179648K
  class space    used 9528K, committed 9728K, reserved 1048576K
}
Event: 14.720 GC heap after
{Heap after GC invocations=21 (full 0):
 garbage-first heap   total reserved 2607104K, committed 83968K, used 46223K [0x0000000760e00000, 0x0000000800000000)
  region size 2048K, 2 young (4096K), 2 survivors (4096K)
 Metaspace       used 81943K, committed 82496K, reserved 1179648K
  class space    used 9528K, committed 9728K, reserved 1048576K
}
Event: 14.849 GC heap before
{Heap before GC invocations=21 (full 0):
 garbage-first heap   total reserved 2607104K, committed 83968K, used 72847K [0x0000000760e00000, 0x0000000800000000)
  region size 2048K, 15 young (30720K), 2 survivors (4096K)
 Metaspace       used 81943K, committed 82496K, reserved 1179648K
  class space    used 9528K, committed 9728K, reserved 1048576K
}
Event: 14.855 GC heap after
{Heap after GC invocations=22 (full 0):
 garbage-first heap   total reserved 2607104K, committed 153600K, used 43138K [0x0000000760e00000, 0x0000000800000000)
  region size 2048K, 1 young (2048K), 1 survivors (2048K)
 Metaspace       used 81943K, committed 82496K, reserved 1179648K
  class space    used 9528K, committed 9728K, reserved 1048576K
}
Event: 16.883 GC heap before
{Heap before GC invocations=22 (full 0):
 garbage-first heap   total reserved 2607104K, committed 153600K, used 120962K [0x0000000760e00000, 0x0000000800000000)
  region size 2048K, 39 young (79872K), 1 survivors (2048K)
 Metaspace       used 89445K, committed 90176K, reserved 1179648K
  class space    used 10452K, committed 10752K, reserved 1048576K
}
Event: 16.895 GC heap after
{Heap after GC invocations=23 (full 0):
 garbage-first heap   total reserved 2607104K, committed 153600K, used 48279K [0x0000000760e00000, 0x0000000800000000)
  region size 2048K, 3 young (6144K), 3 survivors (6144K)
 Metaspace       used 89445K, committed 90176K, reserved 1179648K
  class space    used 10452K, committed 10752K, reserved 1048576K
}
Event: 19.340 GC heap before
{Heap before GC invocations=24 (full 0):
 garbage-first heap   total reserved 2607104K, committed 153600K, used 119959K [0x0000000760e00000, 0x0000000800000000)
  region size 2048K, 38 young (77824K), 3 survivors (6144K)
 Metaspace       used 95799K, committed 96512K, reserved 1179648K
  class space    used 11290K, committed 11584K, reserved 1048576K
}
Event: 19.357 GC heap after
{Heap after GC invocations=25 (full 0):
 garbage-first heap   total reserved 2607104K, committed 153600K, used 53411K [0x0000000760e00000, 0x0000000800000000)
  region size 2048K, 3 young (6144K), 3 survivors (6144K)
 Metaspace       used 95799K, committed 96512K, reserved 1179648K
  class space    used 11290K, committed 11584K, reserved 1048576K
}

